2024-06-10T10:29:48.481Z [INFO] - Server is running on port 3000
2024-06-10T10:29:48.995Z [INFO] - MongoDB connected successfully.
2024-06-10T10:49:21.838Z [INFO] - Server is running on port 3000
2024-06-10T10:49:22.305Z [INFO] - MongoDB connected successfully.
2024-06-10T10:50:00.224Z [INFO] - Running scheduled task
2024-06-10T10:50:00.225Z [INFO] - Read data from file: E:\masai_repo\aditya_singh_ft31_013\unit-6\sprint-4\evaluation\Real-time-monitoring\Real-time-moke data.json
2024-06-10T10:50:00.226Z [INFO] - Parsed data successfully from file: E:\masai_repo\aditya_singh_ft31_013\unit-6\sprint-4\evaluation\Real-time-monitoring\Real-time-moke data.json
2024-06-10T10:50:00.226Z [INFO] - Processing chunk: 1 / 51
2024-06-10T10:50:00.655Z [INFO] - Processing chunk: 2 / 51
2024-06-10T10:50:00.953Z [INFO] - Processing chunk: 3 / 51
2024-06-10T10:50:01.228Z [INFO] - Processing chunk: 4 / 51
2024-06-10T10:50:01.479Z [INFO] - Processing chunk: 5 / 51
2024-06-10T10:50:01.554Z [INFO] - Processing chunk: 6 / 51
2024-06-10T10:50:01.627Z [INFO] - Processing chunk: 7 / 51
2024-06-10T10:50:01.698Z [INFO] - Processing chunk: 8 / 51
2024-06-10T10:50:01.773Z [INFO] - Processing chunk: 9 / 51
2024-06-10T10:50:02.305Z [INFO] - Processing chunk: 10 / 51
2024-06-10T10:50:02.377Z [INFO] - Processing chunk: 11 / 51
2024-06-10T10:50:02.448Z [INFO] - Processing chunk: 12 / 51
2024-06-10T10:50:02.527Z [INFO] - Processing chunk: 13 / 51
2024-06-10T10:50:02.599Z [INFO] - Processing chunk: 14 / 51
2024-06-10T10:50:03.296Z [INFO] - Processing chunk: 15 / 51
2024-06-10T10:50:03.369Z [INFO] - Processing chunk: 16 / 51
2024-06-10T10:50:03.441Z [INFO] - Processing chunk: 17 / 51
2024-06-10T10:50:03.514Z [INFO] - Processing chunk: 18 / 51
2024-06-10T10:50:03.587Z [INFO] - Processing chunk: 19 / 51
2024-06-10T10:50:04.273Z [INFO] - Processing chunk: 20 / 51
2024-06-10T10:50:04.343Z [INFO] - Processing chunk: 21 / 51
2024-06-10T10:50:04.414Z [INFO] - Processing chunk: 22 / 51
2024-06-10T10:50:04.487Z [INFO] - Processing chunk: 23 / 51
2024-06-10T10:50:04.557Z [INFO] - Processing chunk: 24 / 51
2024-06-10T10:50:05.270Z [INFO] - Processing chunk: 25 / 51
2024-06-10T10:50:05.340Z [INFO] - Processing chunk: 26 / 51
2024-06-10T10:50:05.412Z [INFO] - Processing chunk: 27 / 51
2024-06-10T10:50:05.483Z [INFO] - Processing chunk: 28 / 51
2024-06-10T10:50:05.556Z [INFO] - Processing chunk: 29 / 51
2024-06-10T10:50:06.272Z [INFO] - Processing chunk: 30 / 51
2024-06-10T10:50:06.343Z [INFO] - Processing chunk: 31 / 51
2024-06-10T10:50:06.414Z [INFO] - Processing chunk: 32 / 51
2024-06-10T10:50:06.494Z [INFO] - Processing chunk: 33 / 51
2024-06-10T10:50:06.569Z [INFO] - Processing chunk: 34 / 51
2024-06-10T10:50:06.640Z [INFO] - Processing chunk: 35 / 51
2024-06-10T10:50:07.305Z [INFO] - Processing chunk: 36 / 51
2024-06-10T10:50:07.377Z [INFO] - Processing chunk: 37 / 51
2024-06-10T10:50:07.446Z [INFO] - Processing chunk: 38 / 51
2024-06-10T10:50:07.515Z [INFO] - Processing chunk: 39 / 51
2024-06-10T10:50:07.590Z [INFO] - Processing chunk: 40 / 51
2024-06-10T10:50:08.301Z [INFO] - Processing chunk: 41 / 51
2024-06-10T10:50:08.377Z [INFO] - Processing chunk: 42 / 51
2024-06-10T10:50:08.447Z [INFO] - Processing chunk: 43 / 51
2024-06-10T10:50:08.520Z [INFO] - Processing chunk: 44 / 51
2024-06-10T10:50:08.590Z [INFO] - Processing chunk: 45 / 51
2024-06-10T10:50:09.275Z [INFO] - Processing chunk: 46 / 51
2024-06-10T10:50:09.345Z [INFO] - Processing chunk: 47 / 51
2024-06-10T10:50:09.415Z [INFO] - Processing chunk: 48 / 51
2024-06-10T10:50:09.487Z [INFO] - Processing chunk: 49 / 51
2024-06-10T10:50:09.556Z [INFO] - Processing chunk: 50 / 51
2024-06-10T10:50:10.274Z [INFO] - Processing chunk: 51 / 51
2024-06-10T10:51:00.837Z [INFO] - Running scheduled task
2024-06-10T10:51:00.838Z [INFO] - Read data from file: E:\masai_repo\aditya_singh_ft31_013\unit-6\sprint-4\evaluation\Real-time-monitoring\Real-time-moke data.json
2024-06-10T10:51:00.839Z [INFO] - Parsed data successfully from file: E:\masai_repo\aditya_singh_ft31_013\unit-6\sprint-4\evaluation\Real-time-monitoring\Real-time-moke data.json
2024-06-10T10:51:00.839Z [INFO] - Processing chunk: 1 / 51
2024-06-10T10:51:00.913Z [INFO] - Processing chunk: 2 / 51
2024-06-10T10:51:00.983Z [INFO] - Processing chunk: 3 / 51
2024-06-10T10:51:01.053Z [INFO] - Processing chunk: 4 / 51
2024-06-10T10:51:01.128Z [INFO] - Processing chunk: 5 / 51
2024-06-10T10:51:01.203Z [INFO] - Processing chunk: 6 / 51
2024-06-10T10:51:01.911Z [INFO] - Processing chunk: 7 / 51
2024-06-10T10:51:01.982Z [INFO] - Processing chunk: 8 / 51
2024-06-10T10:51:02.052Z [INFO] - Processing chunk: 9 / 51
2024-06-10T10:51:02.124Z [INFO] - Processing chunk: 10 / 51
2024-06-10T10:51:02.197Z [INFO] - Processing chunk: 11 / 51
2024-06-10T10:51:02.911Z [INFO] - Processing chunk: 12 / 51
2024-06-10T10:51:02.984Z [INFO] - Processing chunk: 13 / 51
2024-06-10T10:51:03.060Z [INFO] - Processing chunk: 14 / 51
2024-06-10T10:51:03.135Z [INFO] - Processing chunk: 15 / 51
2024-06-10T10:51:03.213Z [INFO] - Processing chunk: 16 / 51
2024-06-10T10:51:03.878Z [INFO] - Processing chunk: 17 / 51
2024-06-10T10:51:03.956Z [INFO] - Processing chunk: 18 / 51
2024-06-10T10:51:04.032Z [INFO] - Processing chunk: 19 / 51
2024-06-10T10:51:04.107Z [INFO] - Processing chunk: 20 / 51
2024-06-10T10:51:04.179Z [INFO] - Processing chunk: 21 / 51
2024-06-10T10:51:04.876Z [INFO] - Processing chunk: 22 / 51
2024-06-10T10:51:04.947Z [INFO] - Processing chunk: 23 / 51
2024-06-10T10:51:05.018Z [INFO] - Processing chunk: 24 / 51
2024-06-10T10:51:05.088Z [INFO] - Processing chunk: 25 / 51
2024-06-10T10:51:05.157Z [INFO] - Processing chunk: 26 / 51
2024-06-10T10:51:05.876Z [INFO] - Processing chunk: 27 / 51
2024-06-10T10:51:05.948Z [INFO] - Processing chunk: 28 / 51
2024-06-10T10:51:06.017Z [INFO] - Processing chunk: 29 / 51
2024-06-10T10:51:06.086Z [INFO] - Processing chunk: 30 / 51
2024-06-10T10:51:06.154Z [INFO] - Processing chunk: 31 / 51
2024-06-10T10:51:06.877Z [INFO] - Processing chunk: 32 / 51
2024-06-10T10:51:06.946Z [INFO] - Processing chunk: 33 / 51
2024-06-10T10:51:07.014Z [INFO] - Processing chunk: 34 / 51
2024-06-10T10:51:07.087Z [INFO] - Processing chunk: 35 / 51
2024-06-10T10:51:07.156Z [INFO] - Processing chunk: 36 / 51
2024-06-10T10:51:07.227Z [INFO] - Processing chunk: 37 / 51
2024-06-10T10:51:07.910Z [INFO] - Processing chunk: 38 / 51
2024-06-10T10:51:07.977Z [INFO] - Processing chunk: 39 / 51
2024-06-10T10:51:08.046Z [INFO] - Processing chunk: 40 / 51
2024-06-10T10:51:08.116Z [INFO] - Processing chunk: 41 / 51
2024-06-10T10:51:08.187Z [INFO] - Processing chunk: 42 / 51
2024-06-10T10:51:08.906Z [INFO] - Processing chunk: 43 / 51
2024-06-10T10:51:08.974Z [INFO] - Processing chunk: 44 / 51
2024-06-10T10:51:09.045Z [INFO] - Processing chunk: 45 / 51
2024-06-10T10:51:09.125Z [INFO] - Processing chunk: 46 / 51
2024-06-10T10:51:09.202Z [INFO] - Processing chunk: 47 / 51
2024-06-10T10:51:09.880Z [INFO] - Processing chunk: 48 / 51
2024-06-10T10:51:09.949Z [INFO] - Processing chunk: 49 / 51
2024-06-10T10:51:10.017Z [INFO] - Processing chunk: 50 / 51
2024-06-10T10:51:10.088Z [INFO] - Processing chunk: 51 / 51
2024-06-10T10:52:00.377Z [INFO] - Running scheduled task
2024-06-10T10:52:00.379Z [INFO] - Read data from file: E:\masai_repo\aditya_singh_ft31_013\unit-6\sprint-4\evaluation\Real-time-monitoring\Real-time-moke data.json
2024-06-10T10:52:00.380Z [INFO] - Parsed data successfully from file: E:\masai_repo\aditya_singh_ft31_013\unit-6\sprint-4\evaluation\Real-time-monitoring\Real-time-moke data.json
2024-06-10T10:52:00.380Z [INFO] - Processing chunk: 1 / 51
2024-06-10T10:52:00.476Z [INFO] - Processing chunk: 2 / 51
2024-06-10T10:52:00.548Z [INFO] - Processing chunk: 3 / 51
2024-06-10T10:52:00.618Z [INFO] - Processing chunk: 4 / 51
2024-06-10T10:52:00.688Z [INFO] - Processing chunk: 5 / 51
2024-06-10T10:52:00.761Z [INFO] - Processing chunk: 6 / 51
2024-06-10T10:52:01.459Z [INFO] - Processing chunk: 7 / 51
2024-06-10T10:52:01.542Z [INFO] - Processing chunk: 8 / 51
2024-06-10T10:52:01.614Z [INFO] - Processing chunk: 9 / 51
2024-06-10T10:52:01.685Z [INFO] - Processing chunk: 10 / 51
2024-06-10T10:52:01.753Z [INFO] - Processing chunk: 11 / 51
2024-06-10T10:52:02.446Z [INFO] - Processing chunk: 12 / 51
2024-06-10T10:52:02.518Z [INFO] - Processing chunk: 13 / 51
2024-06-10T10:52:02.586Z [INFO] - Processing chunk: 14 / 51
2024-06-10T10:52:02.655Z [INFO] - Processing chunk: 15 / 51
2024-06-10T10:52:02.738Z [INFO] - Processing chunk: 16 / 51
2024-06-10T10:52:03.420Z [INFO] - Processing chunk: 17 / 51
2024-06-10T10:52:03.489Z [INFO] - Processing chunk: 18 / 51
2024-06-10T10:52:03.559Z [INFO] - Processing chunk: 19 / 51
2024-06-10T10:52:03.629Z [INFO] - Processing chunk: 20 / 51
2024-06-10T10:52:03.699Z [INFO] - Processing chunk: 21 / 51
2024-06-10T10:52:04.418Z [INFO] - Processing chunk: 22 / 51
2024-06-10T10:52:04.486Z [INFO] - Processing chunk: 23 / 51
2024-06-10T10:52:04.559Z [INFO] - Processing chunk: 24 / 51
2024-06-10T10:52:04.629Z [INFO] - Processing chunk: 25 / 51
2024-06-10T10:52:04.700Z [INFO] - Processing chunk: 26 / 51
2024-06-10T10:52:05.418Z [INFO] - Processing chunk: 27 / 51
2024-06-10T10:52:05.489Z [INFO] - Processing chunk: 28 / 51
2024-06-10T10:52:05.558Z [INFO] - Processing chunk: 29 / 51
2024-06-10T10:52:05.626Z [INFO] - Processing chunk: 30 / 51
2024-06-10T10:52:05.696Z [INFO] - Processing chunk: 31 / 51
2024-06-10T10:52:06.419Z [INFO] - Processing chunk: 32 / 51
2024-06-10T10:52:06.485Z [INFO] - Processing chunk: 33 / 51
2024-06-10T10:52:06.553Z [INFO] - Processing chunk: 34 / 51
2024-06-10T10:52:06.622Z [INFO] - Processing chunk: 35 / 51
2024-06-10T10:52:06.696Z [INFO] - Processing chunk: 36 / 51
2024-06-10T10:52:06.771Z [INFO] - Processing chunk: 37 / 51
2024-06-10T10:52:07.453Z [INFO] - Processing chunk: 38 / 51
2024-06-10T10:52:07.526Z [INFO] - Processing chunk: 39 / 51
2024-06-10T10:52:07.596Z [INFO] - Processing chunk: 40 / 51
2024-06-10T10:52:07.665Z [INFO] - Processing chunk: 41 / 51
2024-06-10T10:52:07.733Z [INFO] - Processing chunk: 42 / 51
2024-06-10T10:52:08.448Z [INFO] - Processing chunk: 43 / 51
2024-06-10T10:52:08.515Z [INFO] - Processing chunk: 44 / 51
2024-06-10T10:52:08.584Z [INFO] - Processing chunk: 45 / 51
2024-06-10T10:52:08.658Z [INFO] - Processing chunk: 46 / 51
2024-06-10T10:52:08.725Z [INFO] - Processing chunk: 47 / 51
2024-06-10T10:52:09.424Z [INFO] - Processing chunk: 48 / 51
2024-06-10T10:52:09.497Z [INFO] - Processing chunk: 49 / 51
2024-06-10T10:52:09.565Z [INFO] - Processing chunk: 50 / 51
2024-06-10T10:52:09.635Z [INFO] - Processing chunk: 51 / 51
2024-06-10T10:53:00.996Z [INFO] - Running scheduled task
2024-06-10T10:53:00.996Z [INFO] - Read data from file: E:\masai_repo\aditya_singh_ft31_013\unit-6\sprint-4\evaluation\Real-time-monitoring\Real-time-moke data.json
2024-06-10T10:53:00.997Z [INFO] - Parsed data successfully from file: E:\masai_repo\aditya_singh_ft31_013\unit-6\sprint-4\evaluation\Real-time-monitoring\Real-time-moke data.json
2024-06-10T10:53:00.997Z [INFO] - Processing chunk: 1 / 51
2024-06-10T10:53:01.068Z [INFO] - Processing chunk: 2 / 51
2024-06-10T10:53:01.141Z [INFO] - Processing chunk: 3 / 51
2024-06-10T10:53:01.215Z [INFO] - Processing chunk: 4 / 51
2024-06-10T10:53:01.286Z [INFO] - Processing chunk: 5 / 51
2024-06-10T10:53:01.356Z [INFO] - Processing chunk: 6 / 51
2024-06-10T10:53:02.064Z [INFO] - Processing chunk: 7 / 51
2024-06-10T10:53:02.132Z [INFO] - Processing chunk: 8 / 51
2024-06-10T10:53:02.201Z [INFO] - Processing chunk: 9 / 51
2024-06-10T10:53:02.269Z [INFO] - Processing chunk: 10 / 51
2024-06-10T10:53:02.339Z [INFO] - Processing chunk: 11 / 51
2024-06-10T10:53:03.060Z [INFO] - Processing chunk: 12 / 51
2024-06-10T10:53:03.127Z [INFO] - Processing chunk: 13 / 51
2024-06-10T10:53:03.200Z [INFO] - Processing chunk: 14 / 51
2024-06-10T10:53:03.267Z [INFO] - Processing chunk: 15 / 51
2024-06-10T10:53:03.337Z [INFO] - Processing chunk: 16 / 51
2024-06-10T10:53:04.042Z [INFO] - Processing chunk: 17 / 51
2024-06-10T10:53:04.111Z [INFO] - Processing chunk: 18 / 51
2024-06-10T10:53:04.179Z [INFO] - Processing chunk: 19 / 51
2024-06-10T10:53:04.246Z [INFO] - Processing chunk: 20 / 51
2024-06-10T10:53:04.313Z [INFO] - Processing chunk: 21 / 51
2024-06-10T10:53:05.033Z [INFO] - Processing chunk: 22 / 51
2024-06-10T10:53:05.100Z [INFO] - Processing chunk: 23 / 51
2024-06-10T10:53:05.167Z [INFO] - Processing chunk: 24 / 51
2024-06-10T10:53:05.236Z [INFO] - Processing chunk: 25 / 51
2024-06-10T10:53:05.304Z [INFO] - Processing chunk: 26 / 51
2024-06-10T10:53:06.033Z [INFO] - Processing chunk: 27 / 51
2024-06-10T10:53:06.100Z [INFO] - Processing chunk: 28 / 51
2024-06-10T10:53:06.168Z [INFO] - Processing chunk: 29 / 51
2024-06-10T10:53:06.239Z [INFO] - Processing chunk: 30 / 51
2024-06-10T10:53:06.309Z [INFO] - Processing chunk: 31 / 51
2024-06-10T10:53:07.031Z [INFO] - Processing chunk: 32 / 51
2024-06-10T10:53:07.099Z [INFO] - Processing chunk: 33 / 51
2024-06-10T10:53:07.166Z [INFO] - Processing chunk: 34 / 51
2024-06-10T10:53:07.234Z [INFO] - Processing chunk: 35 / 51
2024-06-10T10:53:07.303Z [INFO] - Processing chunk: 36 / 51
2024-06-10T10:53:07.374Z [INFO] - Processing chunk: 37 / 51
2024-06-10T10:53:08.066Z [INFO] - Processing chunk: 38 / 51
2024-06-10T10:53:08.135Z [INFO] - Processing chunk: 39 / 51
2024-06-10T10:53:08.205Z [INFO] - Processing chunk: 40 / 51
2024-06-10T10:53:08.271Z [INFO] - Processing chunk: 41 / 51
2024-06-10T10:53:08.338Z [INFO] - Processing chunk: 42 / 51
2024-06-10T10:53:09.063Z [INFO] - Processing chunk: 43 / 51
2024-06-10T10:53:09.132Z [INFO] - Processing chunk: 44 / 51
2024-06-10T10:53:09.202Z [INFO] - Processing chunk: 45 / 51
2024-06-10T10:53:09.270Z [INFO] - Processing chunk: 46 / 51
2024-06-10T10:53:09.339Z [INFO] - Processing chunk: 47 / 51
2024-06-10T10:53:10.037Z [INFO] - Processing chunk: 48 / 51
2024-06-10T10:53:10.106Z [INFO] - Processing chunk: 49 / 51
2024-06-10T10:53:10.190Z [INFO] - Processing chunk: 50 / 51
2024-06-10T10:53:10.258Z [INFO] - Processing chunk: 51 / 51
2024-06-10T10:54:00.484Z [INFO] - Running scheduled task
2024-06-10T10:54:00.486Z [INFO] - Read data from file: E:\masai_repo\aditya_singh_ft31_013\unit-6\sprint-4\evaluation\Real-time-monitoring\Real-time-moke data.json
2024-06-10T10:54:00.486Z [INFO] - Parsed data successfully from file: E:\masai_repo\aditya_singh_ft31_013\unit-6\sprint-4\evaluation\Real-time-monitoring\Real-time-moke data.json
2024-06-10T10:54:00.487Z [INFO] - Processing chunk: 1 / 51
2024-06-10T10:54:00.574Z [INFO] - Processing chunk: 2 / 51
2024-06-10T10:54:00.644Z [INFO] - Processing chunk: 3 / 51
2024-06-10T10:54:00.714Z [INFO] - Processing chunk: 4 / 51
2024-06-10T10:54:00.783Z [INFO] - Processing chunk: 5 / 51
2024-06-10T10:54:00.854Z [INFO] - Processing chunk: 6 / 51
2024-06-10T10:54:01.555Z [INFO] - Processing chunk: 7 / 51
2024-06-10T10:54:01.624Z [INFO] - Processing chunk: 8 / 51
2024-06-10T10:54:01.692Z [INFO] - Processing chunk: 9 / 51
2024-06-10T10:54:01.762Z [INFO] - Processing chunk: 10 / 51
2024-06-10T10:54:01.831Z [INFO] - Processing chunk: 11 / 51
2024-06-10T10:54:02.553Z [INFO] - Processing chunk: 12 / 51
2024-06-10T10:54:02.622Z [INFO] - Processing chunk: 13 / 51
2024-06-10T10:54:02.695Z [INFO] - Processing chunk: 14 / 51
2024-06-10T10:54:02.763Z [INFO] - Processing chunk: 15 / 51
2024-06-10T10:54:02.833Z [INFO] - Processing chunk: 16 / 51
2024-06-10T10:54:03.526Z [INFO] - Processing chunk: 17 / 51
2024-06-10T10:54:03.592Z [INFO] - Processing chunk: 18 / 51
2024-06-10T10:54:03.660Z [INFO] - Processing chunk: 19 / 51
2024-06-10T10:54:03.728Z [INFO] - Processing chunk: 20 / 51
2024-06-10T10:54:03.795Z [INFO] - Processing chunk: 21 / 51
2024-06-10T10:54:04.526Z [INFO] - Processing chunk: 22 / 51
2024-06-10T10:54:04.594Z [INFO] - Processing chunk: 23 / 51
2024-06-10T10:54:04.661Z [INFO] - Processing chunk: 24 / 51
2024-06-10T10:54:04.729Z [INFO] - Processing chunk: 25 / 51
2024-06-10T10:54:04.799Z [INFO] - Processing chunk: 26 / 51
2024-06-10T10:54:05.525Z [INFO] - Processing chunk: 27 / 51
2024-06-10T10:54:05.593Z [INFO] - Processing chunk: 28 / 51
2024-06-10T10:54:05.661Z [INFO] - Processing chunk: 29 / 51
2024-06-10T10:54:05.731Z [INFO] - Processing chunk: 30 / 51
2024-06-10T10:54:05.800Z [INFO] - Processing chunk: 31 / 51
2024-06-10T10:54:06.525Z [INFO] - Processing chunk: 32 / 51
2024-06-10T10:54:06.603Z [INFO] - Processing chunk: 33 / 51
2024-06-10T10:54:06.672Z [INFO] - Processing chunk: 34 / 51
2024-06-10T10:54:06.739Z [INFO] - Processing chunk: 35 / 51
2024-06-10T10:54:06.813Z [INFO] - Processing chunk: 36 / 51
2024-06-10T10:54:06.888Z [INFO] - Processing chunk: 37 / 51
2024-06-10T10:54:07.559Z [INFO] - Processing chunk: 38 / 51
2024-06-10T10:54:07.629Z [INFO] - Processing chunk: 39 / 51
2024-06-10T10:54:07.696Z [INFO] - Processing chunk: 40 / 51
2024-06-10T10:54:07.765Z [INFO] - Processing chunk: 41 / 51
2024-06-10T10:54:07.835Z [INFO] - Processing chunk: 42 / 51
2024-06-10T10:54:08.554Z [INFO] - Processing chunk: 43 / 51
2024-06-10T10:54:08.624Z [INFO] - Processing chunk: 44 / 51
2024-06-10T10:54:08.694Z [INFO] - Processing chunk: 45 / 51
2024-06-10T10:54:08.762Z [INFO] - Processing chunk: 46 / 51
2024-06-10T10:54:08.829Z [INFO] - Processing chunk: 47 / 51
2024-06-10T10:54:09.539Z [INFO] - Processing chunk: 48 / 51
2024-06-10T10:54:09.611Z [INFO] - Processing chunk: 49 / 51
2024-06-10T10:54:09.677Z [INFO] - Processing chunk: 50 / 51
2024-06-10T10:54:09.747Z [INFO] - Processing chunk: 51 / 51
2024-06-10T10:55:00.068Z [INFO] - Running scheduled task
2024-06-10T10:55:00.069Z [INFO] - Read data from file: E:\masai_repo\aditya_singh_ft31_013\unit-6\sprint-4\evaluation\Real-time-monitoring\Real-time-moke data.json
2024-06-10T10:55:00.069Z [INFO] - Parsed data successfully from file: E:\masai_repo\aditya_singh_ft31_013\unit-6\sprint-4\evaluation\Real-time-monitoring\Real-time-moke data.json
2024-06-10T10:55:00.070Z [INFO] - Processing chunk: 1 / 51
2024-06-10T10:55:00.138Z [INFO] - Processing chunk: 2 / 51
2024-06-10T10:55:00.208Z [INFO] - Processing chunk: 3 / 51
2024-06-10T10:55:00.278Z [INFO] - Processing chunk: 4 / 51
2024-06-10T10:55:00.355Z [INFO] - Processing chunk: 5 / 51
2024-06-10T10:55:00.422Z [INFO] - Processing chunk: 6 / 51
2024-06-10T10:55:01.149Z [INFO] - Processing chunk: 7 / 51
2024-06-10T10:55:01.219Z [INFO] - Processing chunk: 8 / 51
2024-06-10T10:55:01.290Z [INFO] - Processing chunk: 9 / 51
2024-06-10T10:55:01.364Z [INFO] - Processing chunk: 10 / 51
2024-06-10T10:55:01.443Z [INFO] - Processing chunk: 11 / 51
2024-06-10T10:55:02.138Z [INFO] - Processing chunk: 12 / 51
2024-06-10T10:55:02.206Z [INFO] - Processing chunk: 13 / 51
2024-06-10T10:55:02.273Z [INFO] - Processing chunk: 14 / 51
2024-06-10T10:55:02.341Z [INFO] - Processing chunk: 15 / 51
2024-06-10T10:55:02.409Z [INFO] - Processing chunk: 16 / 51
2024-06-10T10:55:03.114Z [INFO] - Processing chunk: 17 / 51
2024-06-10T10:55:03.183Z [INFO] - Processing chunk: 18 / 51
2024-06-10T10:55:03.251Z [INFO] - Processing chunk: 19 / 51
2024-06-10T10:55:03.319Z [INFO] - Processing chunk: 20 / 51
2024-06-10T10:55:03.390Z [INFO] - Processing chunk: 21 / 51
2024-06-10T10:55:04.111Z [INFO] - Processing chunk: 22 / 51
2024-06-10T10:55:04.179Z [INFO] - Processing chunk: 23 / 51
2024-06-10T10:55:04.247Z [INFO] - Processing chunk: 24 / 51
2024-06-10T10:55:04.314Z [INFO] - Processing chunk: 25 / 51
2024-06-10T10:55:04.390Z [INFO] - Processing chunk: 26 / 51
2024-06-10T10:55:05.112Z [INFO] - Processing chunk: 27 / 51
2024-06-10T10:55:05.181Z [INFO] - Processing chunk: 28 / 51
2024-06-10T10:55:05.251Z [INFO] - Processing chunk: 29 / 51
2024-06-10T10:55:05.323Z [INFO] - Processing chunk: 30 / 51
2024-06-10T10:55:05.397Z [INFO] - Processing chunk: 31 / 51
2024-06-10T10:55:06.109Z [INFO] - Processing chunk: 32 / 51
2024-06-10T10:55:06.177Z [INFO] - Processing chunk: 33 / 51
2024-06-10T10:55:06.244Z [INFO] - Processing chunk: 34 / 51
2024-06-10T10:55:06.314Z [INFO] - Processing chunk: 35 / 51
2024-06-10T10:55:06.381Z [INFO] - Processing chunk: 36 / 51
2024-06-10T10:55:07.111Z [INFO] - Processing chunk: 37 / 51
2024-06-10T10:55:07.178Z [INFO] - Processing chunk: 38 / 51
2024-06-10T10:55:07.246Z [INFO] - Processing chunk: 39 / 51
2024-06-10T10:55:07.312Z [INFO] - Processing chunk: 40 / 51
2024-06-10T10:55:07.379Z [INFO] - Processing chunk: 41 / 51
2024-06-10T10:55:07.447Z [INFO] - Processing chunk: 42 / 51
2024-06-10T10:55:08.146Z [INFO] - Processing chunk: 43 / 51
2024-06-10T10:55:08.215Z [INFO] - Processing chunk: 44 / 51
2024-06-10T10:55:08.283Z [INFO] - Processing chunk: 45 / 51
2024-06-10T10:55:08.352Z [INFO] - Processing chunk: 46 / 51
2024-06-10T10:55:08.421Z [INFO] - Processing chunk: 47 / 51
2024-06-10T10:55:09.143Z [INFO] - Processing chunk: 48 / 51
2024-06-10T10:55:09.212Z [INFO] - Processing chunk: 49 / 51
2024-06-10T10:55:09.281Z [INFO] - Processing chunk: 50 / 51
2024-06-10T10:55:09.349Z [INFO] - Processing chunk: 51 / 51
2024-06-10T10:56:00.570Z [INFO] - Running scheduled task
2024-06-10T10:56:00.570Z [INFO] - Read data from file: E:\masai_repo\aditya_singh_ft31_013\unit-6\sprint-4\evaluation\Real-time-monitoring\Real-time-moke data.json
2024-06-10T10:56:00.571Z [INFO] - Parsed data successfully from file: E:\masai_repo\aditya_singh_ft31_013\unit-6\sprint-4\evaluation\Real-time-monitoring\Real-time-moke data.json
2024-06-10T10:56:00.572Z [INFO] - Processing chunk: 1 / 51
2024-06-10T10:56:00.677Z [INFO] - Processing chunk: 2 / 51
2024-06-10T10:56:00.748Z [INFO] - Processing chunk: 3 / 51
2024-06-10T10:56:00.816Z [INFO] - Processing chunk: 4 / 51
2024-06-10T10:56:00.885Z [INFO] - Processing chunk: 5 / 51
2024-06-10T10:56:00.954Z [INFO] - Processing chunk: 6 / 51
2024-06-10T10:56:01.639Z [INFO] - Processing chunk: 7 / 51
2024-06-10T10:56:01.710Z [INFO] - Processing chunk: 8 / 51
2024-06-10T10:56:01.777Z [INFO] - Processing chunk: 9 / 51
2024-06-10T10:56:01.846Z [INFO] - Processing chunk: 10 / 51
2024-06-10T10:56:01.914Z [INFO] - Processing chunk: 11 / 51
2024-06-10T10:56:02.635Z [INFO] - Processing chunk: 12 / 51
2024-06-10T10:56:02.706Z [INFO] - Processing chunk: 13 / 51
2024-06-10T10:56:02.773Z [INFO] - Processing chunk: 14 / 51
2024-06-10T10:56:02.841Z [INFO] - Processing chunk: 15 / 51
2024-06-10T10:56:02.908Z [INFO] - Processing chunk: 16 / 51
2024-06-10T10:56:03.616Z [INFO] - Processing chunk: 17 / 51
2024-06-10T10:56:03.683Z [INFO] - Processing chunk: 18 / 51
2024-06-10T10:56:03.750Z [INFO] - Processing chunk: 19 / 51
2024-06-10T10:56:03.820Z [INFO] - Processing chunk: 20 / 51
2024-06-10T10:56:03.894Z [INFO] - Processing chunk: 21 / 51
2024-06-10T10:56:04.611Z [INFO] - Processing chunk: 22 / 51
2024-06-10T10:56:04.683Z [INFO] - Processing chunk: 23 / 51
2024-06-10T10:56:04.753Z [INFO] - Processing chunk: 24 / 51
2024-06-10T10:56:04.822Z [INFO] - Processing chunk: 25 / 51
2024-06-10T10:56:04.898Z [INFO] - Processing chunk: 26 / 51
2024-06-10T10:56:05.609Z [INFO] - Processing chunk: 27 / 51
2024-06-10T10:56:05.676Z [INFO] - Processing chunk: 28 / 51
2024-06-10T10:56:05.745Z [INFO] - Processing chunk: 29 / 51
2024-06-10T10:56:05.813Z [INFO] - Processing chunk: 30 / 51
2024-06-10T10:56:05.880Z [INFO] - Processing chunk: 31 / 51
2024-06-10T10:56:06.606Z [INFO] - Processing chunk: 32 / 51
2024-06-10T10:56:06.676Z [INFO] - Processing chunk: 33 / 51
2024-06-10T10:56:06.747Z [INFO] - Processing chunk: 34 / 51
2024-06-10T10:56:06.842Z [INFO] - Processing chunk: 35 / 51
2024-06-10T10:56:06.913Z [INFO] - Processing chunk: 36 / 51
2024-06-10T10:56:07.608Z [INFO] - Processing chunk: 37 / 51
2024-06-10T10:56:07.687Z [INFO] - Processing chunk: 38 / 51
2024-06-10T10:56:07.757Z [INFO] - Processing chunk: 39 / 51
2024-06-10T10:56:07.825Z [INFO] - Processing chunk: 40 / 51
2024-06-10T10:56:07.893Z [INFO] - Processing chunk: 41 / 51
2024-06-10T10:56:07.963Z [INFO] - Processing chunk: 42 / 51
2024-06-10T10:56:08.643Z [INFO] - Processing chunk: 43 / 51
2024-06-10T10:56:08.716Z [INFO] - Processing chunk: 44 / 51
2024-06-10T10:56:08.783Z [INFO] - Processing chunk: 45 / 51
2024-06-10T10:56:08.850Z [INFO] - Processing chunk: 46 / 51
2024-06-10T10:56:08.922Z [INFO] - Processing chunk: 47 / 51
2024-06-10T10:56:09.642Z [INFO] - Processing chunk: 48 / 51
2024-06-10T10:56:09.712Z [INFO] - Processing chunk: 49 / 51
2024-06-10T10:56:09.782Z [INFO] - Processing chunk: 50 / 51
2024-06-10T10:56:09.850Z [INFO] - Processing chunk: 51 / 51
2024-06-10T10:57:00.118Z [INFO] - Running scheduled task
2024-06-10T10:57:00.119Z [INFO] - Read data from file: E:\masai_repo\aditya_singh_ft31_013\unit-6\sprint-4\evaluation\Real-time-monitoring\Real-time-moke data.json
2024-06-10T10:57:00.120Z [INFO] - Parsed data successfully from file: E:\masai_repo\aditya_singh_ft31_013\unit-6\sprint-4\evaluation\Real-time-monitoring\Real-time-moke data.json
2024-06-10T10:57:00.120Z [INFO] - Processing chunk: 1 / 51
2024-06-10T10:57:00.188Z [INFO] - Processing chunk: 2 / 51
2024-06-10T10:57:00.257Z [INFO] - Processing chunk: 3 / 51
2024-06-10T10:57:00.327Z [INFO] - Processing chunk: 4 / 51
2024-06-10T10:57:00.396Z [INFO] - Processing chunk: 5 / 51
2024-06-10T10:57:00.465Z [INFO] - Processing chunk: 6 / 51
2024-06-10T10:57:01.189Z [INFO] - Processing chunk: 7 / 51
2024-06-10T10:57:01.256Z [INFO] - Processing chunk: 8 / 51
2024-06-10T10:57:01.325Z [INFO] - Processing chunk: 9 / 51
2024-06-10T10:57:01.395Z [INFO] - Processing chunk: 10 / 51
2024-06-10T10:57:01.468Z [INFO] - Processing chunk: 11 / 51
2024-06-10T10:57:02.186Z [INFO] - Processing chunk: 12 / 51
2024-06-10T10:57:02.255Z [INFO] - Processing chunk: 13 / 51
2024-06-10T10:57:02.323Z [INFO] - Processing chunk: 14 / 51
2024-06-10T10:57:02.392Z [INFO] - Processing chunk: 15 / 51
2024-06-10T10:57:02.461Z [INFO] - Processing chunk: 16 / 51
2024-06-10T10:57:03.172Z [INFO] - Processing chunk: 17 / 51
2024-06-10T10:57:03.240Z [INFO] - Processing chunk: 18 / 51
2024-06-10T10:57:03.306Z [INFO] - Processing chunk: 19 / 51
2024-06-10T10:57:03.377Z [INFO] - Processing chunk: 20 / 51
2024-06-10T10:57:03.445Z [INFO] - Processing chunk: 21 / 51
2024-06-10T10:57:04.157Z [INFO] - Processing chunk: 22 / 51
2024-06-10T10:57:04.225Z [INFO] - Processing chunk: 23 / 51
2024-06-10T10:57:04.293Z [INFO] - Processing chunk: 24 / 51
2024-06-10T10:57:04.360Z [INFO] - Processing chunk: 25 / 51
2024-06-10T10:57:04.433Z [INFO] - Processing chunk: 26 / 51
2024-06-10T10:57:05.157Z [INFO] - Processing chunk: 27 / 51
2024-06-10T10:57:05.225Z [INFO] - Processing chunk: 28 / 51
2024-06-10T10:57:05.293Z [INFO] - Processing chunk: 29 / 51
2024-06-10T10:57:05.362Z [INFO] - Processing chunk: 30 / 51
2024-06-10T10:57:05.430Z [INFO] - Processing chunk: 31 / 51
2024-06-10T10:57:06.158Z [INFO] - Processing chunk: 32 / 51
2024-06-10T10:57:06.226Z [INFO] - Processing chunk: 33 / 51
2024-06-10T10:57:06.295Z [INFO] - Processing chunk: 34 / 51
2024-06-10T10:57:06.364Z [INFO] - Processing chunk: 35 / 51
2024-06-10T10:57:06.433Z [INFO] - Processing chunk: 36 / 51
2024-06-10T10:57:06.502Z [INFO] - Processing chunk: 37 / 51
2024-06-10T10:57:07.190Z [INFO] - Processing chunk: 38 / 51
2024-06-10T10:57:07.258Z [INFO] - Processing chunk: 39 / 51
2024-06-10T10:57:07.325Z [INFO] - Processing chunk: 40 / 51
2024-06-10T10:57:07.393Z [INFO] - Processing chunk: 41 / 51
2024-06-10T10:57:07.460Z [INFO] - Processing chunk: 42 / 51
2024-06-10T10:57:08.185Z [INFO] - Processing chunk: 43 / 51
2024-06-10T10:57:08.254Z [INFO] - Processing chunk: 44 / 51
2024-06-10T10:57:08.331Z [INFO] - Processing chunk: 45 / 51
2024-06-10T10:57:08.400Z [INFO] - Processing chunk: 46 / 51
2024-06-10T10:57:08.473Z [INFO] - Processing chunk: 47 / 51
2024-06-10T10:57:09.161Z [INFO] - Processing chunk: 48 / 51
2024-06-10T10:57:09.228Z [INFO] - Processing chunk: 49 / 51
2024-06-10T10:57:09.298Z [INFO] - Processing chunk: 50 / 51
2024-06-10T10:57:09.366Z [INFO] - Processing chunk: 51 / 51
2024-06-10T10:58:00.727Z [INFO] - Running scheduled task
2024-06-10T10:58:00.728Z [INFO] - Read data from file: E:\masai_repo\aditya_singh_ft31_013\unit-6\sprint-4\evaluation\Real-time-monitoring\Real-time-moke data.json
2024-06-10T10:58:00.729Z [INFO] - Parsed data successfully from file: E:\masai_repo\aditya_singh_ft31_013\unit-6\sprint-4\evaluation\Real-time-monitoring\Real-time-moke data.json
2024-06-10T10:58:00.729Z [INFO] - Processing chunk: 1 / 51
2024-06-10T10:58:00.820Z [INFO] - Processing chunk: 2 / 51
2024-06-10T10:58:00.890Z [INFO] - Processing chunk: 3 / 51
2024-06-10T10:58:00.960Z [INFO] - Processing chunk: 4 / 51
2024-06-10T10:58:01.030Z [INFO] - Processing chunk: 5 / 51
2024-06-10T10:58:01.102Z [INFO] - Processing chunk: 6 / 51
2024-06-10T10:58:01.800Z [INFO] - Processing chunk: 7 / 51
2024-06-10T10:58:01.872Z [INFO] - Processing chunk: 8 / 51
2024-06-10T10:58:01.942Z [INFO] - Processing chunk: 9 / 51
2024-06-10T10:58:02.010Z [INFO] - Processing chunk: 10 / 51
2024-06-10T10:58:02.079Z [INFO] - Processing chunk: 11 / 51
2024-06-10T10:58:02.792Z [INFO] - Processing chunk: 12 / 51
2024-06-10T10:58:02.861Z [INFO] - Processing chunk: 13 / 51
2024-06-10T10:58:02.938Z [INFO] - Processing chunk: 14 / 51
2024-06-10T10:58:03.008Z [INFO] - Processing chunk: 15 / 51
2024-06-10T10:58:03.081Z [INFO] - Processing chunk: 16 / 51
2024-06-10T10:58:03.767Z [INFO] - Processing chunk: 17 / 51
2024-06-10T10:58:03.835Z [INFO] - Processing chunk: 18 / 51
2024-06-10T10:58:03.906Z [INFO] - Processing chunk: 19 / 51
2024-06-10T10:58:03.975Z [INFO] - Processing chunk: 20 / 51
2024-06-10T10:58:04.045Z [INFO] - Processing chunk: 21 / 51
2024-06-10T10:58:04.767Z [INFO] - Processing chunk: 22 / 51
2024-06-10T10:58:04.835Z [INFO] - Processing chunk: 23 / 51
2024-06-10T10:58:04.902Z [INFO] - Processing chunk: 24 / 51
2024-06-10T10:58:04.971Z [INFO] - Processing chunk: 25 / 51
2024-06-10T10:58:05.038Z [INFO] - Processing chunk: 26 / 51
2024-06-10T10:58:05.766Z [INFO] - Processing chunk: 27 / 51
2024-06-10T10:58:05.834Z [INFO] - Processing chunk: 28 / 51
2024-06-10T10:58:05.901Z [INFO] - Processing chunk: 29 / 51
2024-06-10T10:58:05.969Z [INFO] - Processing chunk: 30 / 51
2024-06-10T10:58:06.037Z [INFO] - Processing chunk: 31 / 51
2024-06-10T10:58:06.766Z [INFO] - Processing chunk: 32 / 51
2024-06-10T10:58:06.834Z [INFO] - Processing chunk: 33 / 51
2024-06-10T10:58:06.904Z [INFO] - Processing chunk: 34 / 51
2024-06-10T10:58:06.972Z [INFO] - Processing chunk: 35 / 51
2024-06-10T10:58:07.039Z [INFO] - Processing chunk: 36 / 51
2024-06-10T10:58:07.106Z [INFO] - Processing chunk: 37 / 51
2024-06-10T10:58:07.796Z [INFO] - Processing chunk: 38 / 51
2024-06-10T10:58:07.862Z [INFO] - Processing chunk: 39 / 51
2024-06-10T10:58:07.932Z [INFO] - Processing chunk: 40 / 51
2024-06-10T10:58:07.999Z [INFO] - Processing chunk: 41 / 51
2024-06-10T10:58:08.067Z [INFO] - Processing chunk: 42 / 51
2024-06-10T10:58:08.793Z [INFO] - Processing chunk: 43 / 51
2024-06-10T10:58:08.860Z [INFO] - Processing chunk: 44 / 51
2024-06-10T10:58:08.927Z [INFO] - Processing chunk: 45 / 51
2024-06-10T10:58:08.994Z [INFO] - Processing chunk: 46 / 51
2024-06-10T10:58:09.060Z [INFO] - Processing chunk: 47 / 51
2024-06-10T10:58:09.768Z [INFO] - Processing chunk: 48 / 51
2024-06-10T10:58:09.835Z [INFO] - Processing chunk: 49 / 51
2024-06-10T10:58:09.903Z [INFO] - Processing chunk: 50 / 51
2024-06-10T10:58:09.972Z [INFO] - Processing chunk: 51 / 51
2024-06-10T10:59:00.332Z [INFO] - Running scheduled task
2024-06-10T10:59:00.333Z [INFO] - Read data from file: E:\masai_repo\aditya_singh_ft31_013\unit-6\sprint-4\evaluation\Real-time-monitoring\Real-time-moke data.json
2024-06-10T10:59:00.333Z [INFO] - Parsed data successfully from file: E:\masai_repo\aditya_singh_ft31_013\unit-6\sprint-4\evaluation\Real-time-monitoring\Real-time-moke data.json
2024-06-10T10:59:00.334Z [INFO] - Processing chunk: 1 / 51
2024-06-10T10:59:00.406Z [INFO] - Processing chunk: 2 / 51
2024-06-10T10:59:00.479Z [INFO] - Processing chunk: 3 / 51
2024-06-10T10:59:00.549Z [INFO] - Processing chunk: 4 / 51
2024-06-10T10:59:00.617Z [INFO] - Processing chunk: 5 / 51
2024-06-10T10:59:00.687Z [INFO] - Processing chunk: 6 / 51
2024-06-10T10:59:01.409Z [INFO] - Processing chunk: 7 / 51
2024-06-10T10:59:01.480Z [INFO] - Processing chunk: 8 / 51
2024-06-10T10:59:01.549Z [INFO] - Processing chunk: 9 / 51
2024-06-10T10:59:01.619Z [INFO] - Processing chunk: 10 / 51
2024-06-10T10:59:01.688Z [INFO] - Processing chunk: 11 / 51
2024-06-10T10:59:02.397Z [INFO] - Processing chunk: 12 / 51
2024-06-10T10:59:02.465Z [INFO] - Processing chunk: 13 / 51
2024-06-10T10:59:02.532Z [INFO] - Processing chunk: 14 / 51
2024-06-10T10:59:02.598Z [INFO] - Processing chunk: 15 / 51
2024-06-10T10:59:02.668Z [INFO] - Processing chunk: 16 / 51
2024-06-10T10:59:03.376Z [INFO] - Processing chunk: 17 / 51
2024-06-10T10:59:03.447Z [INFO] - Processing chunk: 18 / 51
2024-06-10T10:59:03.517Z [INFO] - Processing chunk: 19 / 51
2024-06-10T10:59:03.588Z [INFO] - Processing chunk: 20 / 51
2024-06-10T10:59:03.660Z [INFO] - Processing chunk: 21 / 51
2024-06-10T10:59:04.373Z [INFO] - Processing chunk: 22 / 51
2024-06-10T10:59:04.444Z [INFO] - Processing chunk: 23 / 51
2024-06-10T10:59:04.523Z [INFO] - Processing chunk: 24 / 51
2024-06-10T10:59:04.601Z [INFO] - Processing chunk: 25 / 51
2024-06-10T10:59:04.670Z [INFO] - Processing chunk: 26 / 51
2024-06-10T10:59:05.384Z [INFO] - Processing chunk: 27 / 51
2024-06-10T10:59:05.453Z [INFO] - Processing chunk: 28 / 51
2024-06-10T10:59:05.521Z [INFO] - Processing chunk: 29 / 51
2024-06-10T10:59:05.591Z [INFO] - Processing chunk: 30 / 51
2024-06-10T10:59:05.662Z [INFO] - Processing chunk: 31 / 51
2024-06-10T10:59:06.370Z [INFO] - Processing chunk: 32 / 51
2024-06-10T10:59:06.437Z [INFO] - Processing chunk: 33 / 51
2024-06-10T10:59:06.508Z [INFO] - Processing chunk: 34 / 51
2024-06-10T10:59:06.580Z [INFO] - Processing chunk: 35 / 51
2024-06-10T10:59:06.651Z [INFO] - Processing chunk: 36 / 51
2024-06-10T10:59:06.720Z [INFO] - Processing chunk: 37 / 51
2024-06-10T10:59:07.405Z [INFO] - Processing chunk: 38 / 51
2024-06-10T10:59:07.473Z [INFO] - Processing chunk: 39 / 51
2024-06-10T10:59:07.545Z [INFO] - Processing chunk: 40 / 51
2024-06-10T10:59:07.614Z [INFO] - Processing chunk: 41 / 51
2024-06-10T10:59:07.695Z [INFO] - Processing chunk: 42 / 51
2024-06-10T10:59:08.406Z [INFO] - Processing chunk: 43 / 51
2024-06-10T10:59:08.476Z [INFO] - Processing chunk: 44 / 51
2024-06-10T10:59:08.547Z [INFO] - Processing chunk: 45 / 51
2024-06-10T10:59:08.616Z [INFO] - Processing chunk: 46 / 51
2024-06-10T10:59:08.684Z [INFO] - Processing chunk: 47 / 51
2024-06-10T10:59:09.382Z [INFO] - Processing chunk: 48 / 51
2024-06-10T10:59:09.451Z [INFO] - Processing chunk: 49 / 51
2024-06-10T10:59:09.520Z [INFO] - Processing chunk: 50 / 51
2024-06-10T10:59:09.594Z [INFO] - Processing chunk: 51 / 51
2024-06-10T11:00:00.923Z [INFO] - Running scheduled task
2024-06-10T11:00:00.924Z [INFO] - Read data from file: E:\masai_repo\aditya_singh_ft31_013\unit-6\sprint-4\evaluation\Real-time-monitoring\Real-time-moke data.json
2024-06-10T11:00:00.925Z [INFO] - Parsed data successfully from file: E:\masai_repo\aditya_singh_ft31_013\unit-6\sprint-4\evaluation\Real-time-monitoring\Real-time-moke data.json
2024-06-10T11:00:00.926Z [INFO] - Processing chunk: 1 / 51
2024-06-10T11:00:01.013Z [INFO] - Processing chunk: 2 / 51
2024-06-10T11:00:01.080Z [INFO] - Processing chunk: 3 / 51
2024-06-10T11:00:01.147Z [INFO] - Processing chunk: 4 / 51
2024-06-10T11:00:01.215Z [INFO] - Processing chunk: 5 / 51
2024-06-10T11:00:01.284Z [INFO] - Processing chunk: 6 / 51
2024-06-10T11:00:01.994Z [INFO] - Processing chunk: 7 / 51
2024-06-10T11:00:02.061Z [INFO] - Processing chunk: 8 / 51
2024-06-10T11:00:02.129Z [INFO] - Processing chunk: 9 / 51
2024-06-10T11:00:02.197Z [INFO] - Processing chunk: 10 / 51
2024-06-10T11:00:02.266Z [INFO] - Processing chunk: 11 / 51
2024-06-10T11:00:02.989Z [INFO] - Processing chunk: 12 / 51
2024-06-10T11:00:03.059Z [INFO] - Processing chunk: 13 / 51
2024-06-10T11:00:03.131Z [INFO] - Processing chunk: 14 / 51
2024-06-10T11:00:03.201Z [INFO] - Processing chunk: 15 / 51
2024-06-10T11:00:03.269Z [INFO] - Processing chunk: 16 / 51
2024-06-10T11:00:03.965Z [INFO] - Processing chunk: 17 / 51
2024-06-10T11:00:04.032Z [INFO] - Processing chunk: 18 / 51
2024-06-10T11:00:04.100Z [INFO] - Processing chunk: 19 / 51
2024-06-10T11:00:04.171Z [INFO] - Processing chunk: 20 / 51
2024-06-10T11:00:04.239Z [INFO] - Processing chunk: 21 / 51
2024-06-10T11:00:04.965Z [INFO] - Processing chunk: 22 / 51
2024-06-10T11:00:05.034Z [INFO] - Processing chunk: 23 / 51
2024-06-10T11:00:05.101Z [INFO] - Processing chunk: 24 / 51
2024-06-10T11:00:05.173Z [INFO] - Processing chunk: 25 / 51
2024-06-10T11:00:05.244Z [INFO] - Processing chunk: 26 / 51
2024-06-10T11:00:05.964Z [INFO] - Processing chunk: 27 / 51
2024-06-10T11:00:06.035Z [INFO] - Processing chunk: 28 / 51
2024-06-10T11:00:06.104Z [INFO] - Processing chunk: 29 / 51
2024-06-10T11:00:06.171Z [INFO] - Processing chunk: 30 / 51
2024-06-10T11:00:06.241Z [INFO] - Processing chunk: 31 / 51
2024-06-10T11:00:06.965Z [INFO] - Processing chunk: 32 / 51
2024-06-10T11:00:07.033Z [INFO] - Processing chunk: 33 / 51
2024-06-10T11:00:07.104Z [INFO] - Processing chunk: 34 / 51
2024-06-10T11:00:07.172Z [INFO] - Processing chunk: 35 / 51
2024-06-10T11:00:07.241Z [INFO] - Processing chunk: 36 / 51
2024-06-10T11:00:07.312Z [INFO] - Processing chunk: 37 / 51
2024-06-10T11:00:07.997Z [INFO] - Processing chunk: 38 / 51
2024-06-10T11:00:08.065Z [INFO] - Processing chunk: 39 / 51
2024-06-10T11:00:08.140Z [INFO] - Processing chunk: 40 / 51
2024-06-10T11:00:08.213Z [INFO] - Processing chunk: 41 / 51
2024-06-10T11:00:08.294Z [INFO] - Processing chunk: 42 / 51
2024-06-10T11:00:08.996Z [INFO] - Processing chunk: 43 / 51
2024-06-10T11:00:09.072Z [INFO] - Processing chunk: 44 / 51
2024-06-10T11:00:09.142Z [INFO] - Processing chunk: 45 / 51
2024-06-10T11:00:09.210Z [INFO] - Processing chunk: 46 / 51
2024-06-10T11:00:09.276Z [INFO] - Processing chunk: 47 / 51
2024-06-10T11:00:09.968Z [INFO] - Processing chunk: 48 / 51
2024-06-10T11:00:10.039Z [INFO] - Processing chunk: 49 / 51
2024-06-10T11:00:10.114Z [INFO] - Processing chunk: 50 / 51
2024-06-10T11:00:10.184Z [INFO] - Processing chunk: 51 / 51
2024-06-10T11:01:00.499Z [INFO] - Running scheduled task
2024-06-10T11:01:00.500Z [INFO] - Read data from file: E:\masai_repo\aditya_singh_ft31_013\unit-6\sprint-4\evaluation\Real-time-monitoring\Real-time-moke data.json
2024-06-10T11:01:00.501Z [INFO] - Parsed data successfully from file: E:\masai_repo\aditya_singh_ft31_013\unit-6\sprint-4\evaluation\Real-time-monitoring\Real-time-moke data.json
2024-06-10T11:01:00.501Z [INFO] - Processing chunk: 1 / 51
2024-06-10T11:01:00.569Z [INFO] - Processing chunk: 2 / 51
2024-06-10T11:01:00.636Z [INFO] - Processing chunk: 3 / 51
2024-06-10T11:01:00.702Z [INFO] - Processing chunk: 4 / 51
2024-06-10T11:01:00.770Z [INFO] - Processing chunk: 5 / 51
2024-06-10T11:01:00.841Z [INFO] - Processing chunk: 6 / 51
2024-06-10T11:01:01.571Z [INFO] - Processing chunk: 7 / 51
2024-06-10T11:01:01.647Z [INFO] - Processing chunk: 8 / 51
2024-06-10T11:01:01.715Z [INFO] - Processing chunk: 9 / 51
2024-06-10T11:01:01.783Z [INFO] - Processing chunk: 10 / 51
2024-06-10T11:01:01.853Z [INFO] - Processing chunk: 11 / 51
2024-06-10T11:01:02.565Z [INFO] - Processing chunk: 12 / 51
2024-06-10T11:01:02.634Z [INFO] - Processing chunk: 13 / 51
2024-06-10T11:01:02.702Z [INFO] - Processing chunk: 14 / 51
2024-06-10T11:01:02.769Z [INFO] - Processing chunk: 15 / 51
2024-06-10T11:01:02.836Z [INFO] - Processing chunk: 16 / 51
2024-06-10T11:01:03.546Z [INFO] - Processing chunk: 17 / 51
2024-06-10T11:01:03.615Z [INFO] - Processing chunk: 18 / 51
2024-06-10T11:01:03.683Z [INFO] - Processing chunk: 19 / 51
2024-06-10T11:01:03.751Z [INFO] - Processing chunk: 20 / 51
2024-06-10T11:01:03.818Z [INFO] - Processing chunk: 21 / 51
2024-06-10T11:01:04.539Z [INFO] - Processing chunk: 22 / 51
2024-06-10T11:01:04.609Z [INFO] - Processing chunk: 23 / 51
2024-06-10T11:01:04.678Z [INFO] - Processing chunk: 24 / 51
2024-06-10T11:01:04.745Z [INFO] - Processing chunk: 25 / 51
2024-06-10T11:01:04.815Z [INFO] - Processing chunk: 26 / 51
2024-06-10T11:01:05.539Z [INFO] - Processing chunk: 27 / 51
2024-06-10T11:01:05.610Z [INFO] - Processing chunk: 28 / 51
2024-06-10T11:01:05.681Z [INFO] - Processing chunk: 29 / 51
2024-06-10T11:01:05.753Z [INFO] - Processing chunk: 30 / 51
2024-06-10T11:01:05.823Z [INFO] - Processing chunk: 31 / 51
2024-06-10T11:01:06.543Z [INFO] - Processing chunk: 32 / 51
2024-06-10T11:01:06.611Z [INFO] - Processing chunk: 33 / 51
2024-06-10T11:01:06.678Z [INFO] - Processing chunk: 34 / 51
2024-06-10T11:01:06.753Z [INFO] - Processing chunk: 35 / 51
2024-06-10T11:01:06.836Z [INFO] - Processing chunk: 36 / 51
2024-06-10T11:01:06.908Z [INFO] - Processing chunk: 37 / 51
2024-06-10T11:01:07.573Z [INFO] - Processing chunk: 38 / 51
2024-06-10T11:01:07.643Z [INFO] - Processing chunk: 39 / 51
2024-06-10T11:01:07.713Z [INFO] - Processing chunk: 40 / 51
2024-06-10T11:01:07.782Z [INFO] - Processing chunk: 41 / 51
2024-06-10T11:01:07.852Z [INFO] - Processing chunk: 42 / 51
2024-06-10T11:01:08.568Z [INFO] - Processing chunk: 43 / 51
2024-06-10T11:01:08.636Z [INFO] - Processing chunk: 44 / 51
2024-06-10T11:01:08.702Z [INFO] - Processing chunk: 45 / 51
2024-06-10T11:01:08.771Z [INFO] - Processing chunk: 46 / 51
2024-06-10T11:01:08.839Z [INFO] - Processing chunk: 47 / 51
2024-06-10T11:01:09.545Z [INFO] - Processing chunk: 48 / 51
2024-06-10T11:01:09.611Z [INFO] - Processing chunk: 49 / 51
2024-06-10T11:01:09.679Z [INFO] - Processing chunk: 50 / 51
2024-06-10T11:01:09.746Z [INFO] - Processing chunk: 51 / 51
